<?xml version="1.0" encoding="UTF-8"?>
<testsuite xmlns:xsi="http://www.w3.org/2001/XMLSchema-instance" xsi:noNamespaceSchemaLocation="https://maven.apache.org/surefire/maven-surefire-plugin/xsd/surefire-test-report.xsd" version="3.0.2" name="com.example.Mini_App.Mini2ApplicationTests" time="9.36" tests="11" errors="8" skipped="0" failures="0">
  <properties>
[...]
</properties>
  <testcase name="testControllerAddCustomer" classname="com.example.Mini_App.Mini2ApplicationTests" time="0.894">
    <error message="500  on POST request for &quot;http://localhost:8080/customer/addCustomer&quot;: &quot;{&quot;timestamp&quot;:&quot;2025-04-20T15:51:52.937+00:00&quot;,&quot;status&quot;:500,&quot;error&quot;:&quot;Internal Server Error&quot;,&quot;path&quot;:&quot;/customer/addCustomer&quot;}&quot;" type="org.springframework.web.client.HttpServerErrorException$InternalServerError"><![CDATA[org.springframework.web.client.HttpServerErrorException$InternalServerError: 500  on POST request for "http://localhost:8080/customer/addCustomer": "{"timestamp":"2025-04-20T15:51:52.937+00:00","status":500,"error":"Internal Server Error","path":"/customer/addCustomer"}"
	at org.springframework.web.client.HttpServerErrorException.create(HttpServerErrorException.java:102)
	at org.springframework.web.client.DefaultResponseErrorHandler.handleError(DefaultResponseErrorHandler.java:189)
	at org.springframework.web.client.DefaultResponseErrorHandler.handleError(DefaultResponseErrorHandler.java:147)
	at org.springframework.web.client.RestTemplate.handleResponse(RestTemplate.java:953)
	at org.springframework.web.client.RestTemplate.doExecute(RestTemplate.java:902)
	at org.springframework.web.client.RestTemplate.execute(RestTemplate.java:801)
	at org.springframework.web.client.RestTemplate.postForEntity(RestTemplate.java:549)
	at com.example.Mini_App.Mini2ApplicationTests.testControllerAddCustomer(Mini2ApplicationTests.java:218)
	at java.base/java.lang.reflect.Method.invoke(Method.java:580)
	at java.base/java.util.ArrayList.forEach(ArrayList.java:1597)
	at java.base/java.util.ArrayList.forEach(ArrayList.java:1597)
]]></error>
    <system-out><![CDATA[17:51:45.009 [main] INFO org.springframework.test.context.support.AnnotationConfigContextLoaderUtils -- Could not detect default configuration classes for test class [com.example.Mini_App.Mini2ApplicationTests]: Mini2ApplicationTests does not declare any static, non-private, non-final, nested classes annotated with @Configuration.
17:51:45.167 [main] INFO org.springframework.boot.test.context.SpringBootTestContextBootstrapper -- Found @SpringBootConfiguration com.example.Mini_App.MiniAppApplication for test class com.example.Mini_App.Mini2ApplicationTests

  .   ____          _            __ _ _
 /\\ / ___'_ __ _ _(_)_ __  __ _ \ \ \ \
( ( )\___ | '_ | '_| | '_ \/ _` | \ \ \ \
 \\/  ___)| |_)| | | | | || (_| |  ) ) ) )
  '  |____| .__|_| |_|_| |_\__, | / / / /
 =========|_|==============|___/=/_/_/_/

 :: Spring Boot ::                (v3.4.4)

2025-04-20T17:51:45.827+02:00  INFO 21652 --- [Mini_App] [           main] c.e.Mini_App.Mini2ApplicationTests       : Starting Mini2ApplicationTests using Java 23.0.2 with PID 21652 (started by nouri in C:\Users\nouri\IdeaProjects\Mini2-12-El-telt-el-7lw-mn-el-15)
2025-04-20T17:51:45.829+02:00  INFO 21652 --- [Mini_App] [           main] c.e.Mini_App.Mini2ApplicationTests       : No active profile set, falling back to 1 default profile: "default"
2025-04-20T17:51:46.737+02:00  INFO 21652 --- [Mini_App] [           main] .s.d.r.c.RepositoryConfigurationDelegate : Bootstrapping Spring Data JPA repositories in DEFAULT mode.
2025-04-20T17:51:46.844+02:00  INFO 21652 --- [Mini_App] [           main] .s.d.r.c.RepositoryConfigurationDelegate : Finished Spring Data repository scanning in 84 ms. Found 1 JPA repository interface.
2025-04-20T17:51:47.517+02:00  INFO 21652 --- [Mini_App] [           main] o.hibernate.jpa.internal.util.LogHelper  : HHH000204: Processing PersistenceUnitInfo [name: default]
2025-04-20T17:51:47.624+02:00  INFO 21652 --- [Mini_App] [           main] org.hibernate.Version                    : HHH000412: Hibernate ORM core version 6.6.11.Final
2025-04-20T17:51:47.671+02:00  INFO 21652 --- [Mini_App] [           main] o.h.c.internal.RegionFactoryInitiator    : HHH000026: Second-level cache disabled
2025-04-20T17:51:48.126+02:00  INFO 21652 --- [Mini_App] [           main] o.s.o.j.p.SpringPersistenceUnitInfo      : No LoadTimeWeaver setup: ignoring JPA class transformer
2025-04-20T17:51:48.201+02:00  INFO 21652 --- [Mini_App] [           main] com.zaxxer.hikari.HikariDataSource       : HikariPool-1 - Starting...
2025-04-20T17:51:48.520+02:00  INFO 21652 --- [Mini_App] [           main] com.zaxxer.hikari.pool.HikariPool        : HikariPool-1 - Added connection org.postgresql.jdbc.PgConnection@40f9f60d
2025-04-20T17:51:48.526+02:00  INFO 21652 --- [Mini_App] [           main] com.zaxxer.hikari.HikariDataSource       : HikariPool-1 - Start completed.
2025-04-20T17:51:48.634+02:00  WARN 21652 --- [Mini_App] [           main] org.hibernate.orm.deprecation            : HHH90000025: PostgreSQLDialect does not need to be specified explicitly using 'hibernate.dialect' (remove the property setting and it will be selected by default)
2025-04-20T17:51:48.686+02:00  INFO 21652 --- [Mini_App] [           main] org.hibernate.orm.connections.pooling    : HHH10001005: Database info:
	Database JDBC URL [Connecting through datasource 'HikariDataSource (HikariPool-1)']
	Database driver: undefined/unknown
	Database version: 17.4
	Autocommit mode: undefined/unknown
	Isolation level: undefined/unknown
	Minimum pool size: undefined/unknown
	Maximum pool size: undefined/unknown
2025-04-20T17:51:49.833+02:00  INFO 21652 --- [Mini_App] [           main] o.h.e.t.j.p.i.JtaPlatformInitiator       : HHH000489: No JTA platform available (set 'hibernate.transaction.jta.platform' to enable JTA platform integration)
Hibernate: 
    set client_min_messages = WARNING
Hibernate: 
    drop table if exists customers cascade
Hibernate: 
    create table customers (
        id bigint generated by default as identity,
        email varchar(255),
        name varchar(255),
        phone_number varchar(255),
        primary key (id)
    )
2025-04-20T17:51:49.880+02:00  INFO 21652 --- [Mini_App] [           main] j.LocalContainerEntityManagerFactoryBean : Initialized JPA EntityManagerFactory for persistence unit 'default'
2025-04-20T17:51:50.275+02:00  INFO 21652 --- [Mini_App] [           main] o.s.d.j.r.query.QueryEnhancerFactory     : Hibernate is in classpath; If applicable, HQL parser will be used.
2025-04-20T17:51:51.415+02:00  WARN 21652 --- [Mini_App] [           main] JpaBaseConfiguration$JpaWebConfiguration : spring.jpa.open-in-view is enabled by default. Therefore, database queries may be performed during view rendering. Explicitly configure spring.jpa.open-in-view to disable this warning
2025-04-20T17:51:52.048+02:00  INFO 21652 --- [Mini_App] [           main] c.e.Mini_App.Mini2ApplicationTests       : Started Mini2ApplicationTests in 6.663 seconds (process running for 8.727)
]]></system-out>
    <system-err><![CDATA[Mockito is currently self-attaching to enable the inline-mock-maker. This will no longer work in future releases of the JDK. Please add Mockito as an agent to your build what is described in Mockito's documentation: https://javadoc.io/doc/org.mockito/mockito-core/latest/org/mockito/Mockito.html#0.3
WARNING: A Java agent has been loaded dynamically (C:\Users\nouri\.m2\repository\net\bytebuddy\byte-buddy-agent\1.15.11\byte-buddy-agent-1.15.11.jar)
WARNING: If a serviceability tool is in use, please run with -XX:+EnableDynamicAgentLoading to hide this warning
WARNING: If a serviceability tool is not in use, please run with -Djdk.instrument.traceUsage for more information
WARNING: Dynamic loading of agents will be disallowed by default in a future release
]]></system-err>
  </testcase>
  <testcase name="testControllerFindCustomersByEmailDomain" classname="com.example.Mini_App.Mini2ApplicationTests" time="0.167">
    <error message="500  on GET request for &quot;http://localhost:8080/customer/findByEmailDomain&quot;: &quot;{&quot;timestamp&quot;:&quot;2025-04-20T15:51:53.142+00:00&quot;,&quot;status&quot;:500,&quot;error&quot;:&quot;Internal Server Error&quot;,&quot;path&quot;:&quot;/customer/findByEmailDomain&quot;}&quot;" type="org.springframework.web.client.HttpServerErrorException$InternalServerError"><![CDATA[org.springframework.web.client.HttpServerErrorException$InternalServerError: 500  on GET request for "http://localhost:8080/customer/findByEmailDomain": "{"timestamp":"2025-04-20T15:51:53.142+00:00","status":500,"error":"Internal Server Error","path":"/customer/findByEmailDomain"}"
	at org.springframework.web.client.HttpServerErrorException.create(HttpServerErrorException.java:102)
	at org.springframework.web.client.DefaultResponseErrorHandler.handleError(DefaultResponseErrorHandler.java:189)
	at org.springframework.web.client.DefaultResponseErrorHandler.handleError(DefaultResponseErrorHandler.java:147)
	at org.springframework.web.client.RestTemplate.handleResponse(RestTemplate.java:953)
	at org.springframework.web.client.RestTemplate.doExecute(RestTemplate.java:902)
	at org.springframework.web.client.RestTemplate.execute(RestTemplate.java:801)
	at org.springframework.web.client.RestTemplate.getForEntity(RestTemplate.java:442)
	at com.example.Mini_App.Mini2ApplicationTests.testControllerFindCustomersByEmailDomain(Mini2ApplicationTests.java:297)
	at java.base/java.lang.reflect.Method.invoke(Method.java:580)
	at java.base/java.util.ArrayList.forEach(ArrayList.java:1597)
	at java.base/java.util.ArrayList.forEach(ArrayList.java:1597)
]]></error>
    <system-out><![CDATA[Hibernate: 
    /* insert for
        com.example.Mini_App.models.Customer */insert 
    into
        customers (email, name, phone_number) 
    values
        (?, ?, ?)
Hibernate: 
    /* insert for
        com.example.Mini_App.models.Customer */insert 
    into
        customers (email, name, phone_number) 
    values
        (?, ?, ?)
]]></system-out>
  </testcase>
  <testcase name="testControllerGetAllCustomers" classname="com.example.Mini_App.Mini2ApplicationTests" time="0.057">
    <error message="500  on GET request for &quot;http://localhost:8080/customer/allCustomers&quot;: &quot;{&quot;timestamp&quot;:&quot;2025-04-20T15:51:53.203+00:00&quot;,&quot;status&quot;:500,&quot;error&quot;:&quot;Internal Server Error&quot;,&quot;path&quot;:&quot;/customer/allCustomers&quot;}&quot;" type="org.springframework.web.client.HttpServerErrorException$InternalServerError"><![CDATA[org.springframework.web.client.HttpServerErrorException$InternalServerError: 500  on GET request for "http://localhost:8080/customer/allCustomers": "{"timestamp":"2025-04-20T15:51:53.203+00:00","status":500,"error":"Internal Server Error","path":"/customer/allCustomers"}"
	at org.springframework.web.client.HttpServerErrorException.create(HttpServerErrorException.java:102)
	at org.springframework.web.client.DefaultResponseErrorHandler.handleError(DefaultResponseErrorHandler.java:189)
	at org.springframework.web.client.DefaultResponseErrorHandler.handleError(DefaultResponseErrorHandler.java:147)
	at org.springframework.web.client.RestTemplate.handleResponse(RestTemplate.java:953)
	at org.springframework.web.client.RestTemplate.doExecute(RestTemplate.java:902)
	at org.springframework.web.client.RestTemplate.execute(RestTemplate.java:801)
	at org.springframework.web.client.RestTemplate.getForEntity(RestTemplate.java:442)
	at com.example.Mini_App.Mini2ApplicationTests.testControllerGetAllCustomers(Mini2ApplicationTests.java:226)
	at java.base/java.lang.reflect.Method.invoke(Method.java:580)
	at java.base/java.util.ArrayList.forEach(ArrayList.java:1597)
	at java.base/java.util.ArrayList.forEach(ArrayList.java:1597)
]]></error>
  </testcase>
  <testcase name="testServiceAddCustomer" classname="com.example.Mini_App.Mini2ApplicationTests" time="0.064">
    <system-out><![CDATA[Hibernate: 
    /* insert for
        com.example.Mini_App.models.Customer */insert 
    into
        customers (email, name, phone_number) 
    values
        (?, ?, ?)
]]></system-out>
  </testcase>
  <testcase name="testControllerDeleteCustomer" classname="com.example.Mini_App.Mini2ApplicationTests" time="0.07">
    <error message="500  on DELETE request for &quot;http://localhost:8080/customer/delete/1&quot;: &quot;{&quot;timestamp&quot;:&quot;2025-04-20T15:51:53.341+00:00&quot;,&quot;status&quot;:500,&quot;error&quot;:&quot;Internal Server Error&quot;,&quot;path&quot;:&quot;/customer/delete/1&quot;}&quot;" type="org.springframework.web.client.HttpServerErrorException$InternalServerError"><![CDATA[org.springframework.web.client.HttpServerErrorException$InternalServerError: 500  on DELETE request for "http://localhost:8080/customer/delete/1": "{"timestamp":"2025-04-20T15:51:53.341+00:00","status":500,"error":"Internal Server Error","path":"/customer/delete/1"}"
	at org.springframework.web.client.HttpServerErrorException.create(HttpServerErrorException.java:102)
	at org.springframework.web.client.DefaultResponseErrorHandler.handleError(DefaultResponseErrorHandler.java:189)
	at org.springframework.web.client.DefaultResponseErrorHandler.handleError(DefaultResponseErrorHandler.java:147)
	at org.springframework.web.client.RestTemplate.handleResponse(RestTemplate.java:953)
	at org.springframework.web.client.RestTemplate.doExecute(RestTemplate.java:902)
	at org.springframework.web.client.RestTemplate.execute(RestTemplate.java:801)
	at org.springframework.web.client.RestTemplate.exchange(RestTemplate.java:683)
	at com.example.Mini_App.Mini2ApplicationTests.testControllerDeleteCustomer(Mini2ApplicationTests.java:270)
	at java.base/java.lang.reflect.Method.invoke(Method.java:580)
	at java.base/java.util.ArrayList.forEach(ArrayList.java:1597)
	at java.base/java.util.ArrayList.forEach(ArrayList.java:1597)
]]></error>
    <system-out><![CDATA[Hibernate: 
    /* insert for
        com.example.Mini_App.models.Customer */insert 
    into
        customers (email, name, phone_number) 
    values
        (?, ?, ?)
]]></system-out>
  </testcase>
  <testcase name="testControllerDeleteNonExistingCustomer" classname="com.example.Mini_App.Mini2ApplicationTests" time="0.061">
    <error message="500  on DELETE request for &quot;http://localhost:8080/customer/delete/1&quot;: &quot;{&quot;timestamp&quot;:&quot;2025-04-20T15:51:53.405+00:00&quot;,&quot;status&quot;:500,&quot;error&quot;:&quot;Internal Server Error&quot;,&quot;path&quot;:&quot;/customer/delete/1&quot;}&quot;" type="org.springframework.web.client.HttpServerErrorException$InternalServerError"><![CDATA[org.springframework.web.client.HttpServerErrorException$InternalServerError: 500  on DELETE request for "http://localhost:8080/customer/delete/1": "{"timestamp":"2025-04-20T15:51:53.405+00:00","status":500,"error":"Internal Server Error","path":"/customer/delete/1"}"
	at org.springframework.web.client.HttpServerErrorException.create(HttpServerErrorException.java:102)
	at org.springframework.web.client.DefaultResponseErrorHandler.handleError(DefaultResponseErrorHandler.java:189)
	at org.springframework.web.client.DefaultResponseErrorHandler.handleError(DefaultResponseErrorHandler.java:147)
	at org.springframework.web.client.RestTemplate.handleResponse(RestTemplate.java:953)
	at org.springframework.web.client.RestTemplate.doExecute(RestTemplate.java:902)
	at org.springframework.web.client.RestTemplate.execute(RestTemplate.java:801)
	at org.springframework.web.client.RestTemplate.exchange(RestTemplate.java:683)
	at com.example.Mini_App.Mini2ApplicationTests.testControllerDeleteNonExistingCustomer(Mini2ApplicationTests.java:282)
	at java.base/java.lang.reflect.Method.invoke(Method.java:580)
	at java.base/java.util.ArrayList.forEach(ArrayList.java:1597)
	at java.base/java.util.ArrayList.forEach(ArrayList.java:1597)
]]></error>
  </testcase>
  <testcase name="testServiceGetAllCustomers" classname="com.example.Mini_App.Mini2ApplicationTests" time="0.255">
    <system-out><![CDATA[Hibernate: 
    /* insert for
        com.example.Mini_App.models.Customer */insert 
    into
        customers (email, name, phone_number) 
    values
        (?, ?, ?)
Hibernate: 
    /* insert for
        com.example.Mini_App.models.Customer */insert 
    into
        customers (email, name, phone_number) 
    values
        (?, ?, ?)
Hibernate: 
    /* <criteria> */ select
        c1_0.id,
        c1_0.email,
        c1_0.name,
        c1_0.phone_number 
    from
        customers c1_0
]]></system-out>
  </testcase>
  <testcase name="testControllerFindCustomersByPhonePrefix" classname="com.example.Mini_App.Mini2ApplicationTests" time="0.091">
    <error message="500  on GET request for &quot;http://localhost:8080/customer/findByPhonePrefix&quot;: &quot;{&quot;timestamp&quot;:&quot;2025-04-20T15:51:53.760+00:00&quot;,&quot;status&quot;:500,&quot;error&quot;:&quot;Internal Server Error&quot;,&quot;path&quot;:&quot;/customer/findByPhonePrefix&quot;}&quot;" type="org.springframework.web.client.HttpServerErrorException$InternalServerError"><![CDATA[org.springframework.web.client.HttpServerErrorException$InternalServerError: 500  on GET request for "http://localhost:8080/customer/findByPhonePrefix": "{"timestamp":"2025-04-20T15:51:53.760+00:00","status":500,"error":"Internal Server Error","path":"/customer/findByPhonePrefix"}"
	at org.springframework.web.client.HttpServerErrorException.create(HttpServerErrorException.java:102)
	at org.springframework.web.client.DefaultResponseErrorHandler.handleError(DefaultResponseErrorHandler.java:189)
	at org.springframework.web.client.DefaultResponseErrorHandler.handleError(DefaultResponseErrorHandler.java:147)
	at org.springframework.web.client.RestTemplate.handleResponse(RestTemplate.java:953)
	at org.springframework.web.client.RestTemplate.doExecute(RestTemplate.java:902)
	at org.springframework.web.client.RestTemplate.execute(RestTemplate.java:801)
	at org.springframework.web.client.RestTemplate.getForEntity(RestTemplate.java:442)
	at com.example.Mini_App.Mini2ApplicationTests.testControllerFindCustomersByPhonePrefix(Mini2ApplicationTests.java:312)
	at java.base/java.lang.reflect.Method.invoke(Method.java:580)
	at java.base/java.util.ArrayList.forEach(ArrayList.java:1597)
	at java.base/java.util.ArrayList.forEach(ArrayList.java:1597)
]]></error>
    <system-out><![CDATA[Hibernate: 
    /* insert for
        com.example.Mini_App.models.Customer */insert 
    into
        customers (email, name, phone_number) 
    values
        (?, ?, ?)
Hibernate: 
    /* insert for
        com.example.Mini_App.models.Customer */insert 
    into
        customers (email, name, phone_number) 
    values
        (?, ?, ?)
]]></system-out>
  </testcase>
  <testcase name="contextLoads" classname="com.example.Mini_App.Mini2ApplicationTests" time="0.052"/>
  <testcase name="testControllerGetCustomerById" classname="com.example.Mini_App.Mini2ApplicationTests" time="0.064">
    <error message="500  on GET request for &quot;http://localhost:8080/customer/1&quot;: &quot;{&quot;timestamp&quot;:&quot;2025-04-20T15:51:53.879+00:00&quot;,&quot;status&quot;:500,&quot;error&quot;:&quot;Internal Server Error&quot;,&quot;path&quot;:&quot;/customer/1&quot;}&quot;" type="org.springframework.web.client.HttpServerErrorException$InternalServerError"><![CDATA[org.springframework.web.client.HttpServerErrorException$InternalServerError: 500  on GET request for "http://localhost:8080/customer/1": "{"timestamp":"2025-04-20T15:51:53.879+00:00","status":500,"error":"Internal Server Error","path":"/customer/1"}"
	at org.springframework.web.client.HttpServerErrorException.create(HttpServerErrorException.java:102)
	at org.springframework.web.client.DefaultResponseErrorHandler.handleError(DefaultResponseErrorHandler.java:189)
	at org.springframework.web.client.DefaultResponseErrorHandler.handleError(DefaultResponseErrorHandler.java:147)
	at org.springframework.web.client.RestTemplate.handleResponse(RestTemplate.java:953)
	at org.springframework.web.client.RestTemplate.doExecute(RestTemplate.java:902)
	at org.springframework.web.client.RestTemplate.execute(RestTemplate.java:801)
	at org.springframework.web.client.RestTemplate.getForEntity(RestTemplate.java:442)
	at com.example.Mini_App.Mini2ApplicationTests.testControllerGetCustomerById(Mini2ApplicationTests.java:236)
	at java.base/java.lang.reflect.Method.invoke(Method.java:580)
	at java.base/java.util.ArrayList.forEach(ArrayList.java:1597)
	at java.base/java.util.ArrayList.forEach(ArrayList.java:1597)
]]></error>
    <system-out><![CDATA[Hibernate: 
    /* insert for
        com.example.Mini_App.models.Customer */insert 
    into
        customers (email, name, phone_number) 
    values
        (?, ?, ?)
]]></system-out>
  </testcase>
  <testcase name="testControllerUpdateCustomer" classname="com.example.Mini_App.Mini2ApplicationTests" time="0.064">
    <error message="500  on PUT request for &quot;http://localhost:8080/customer/update/1&quot;: &quot;{&quot;timestamp&quot;:&quot;2025-04-20T15:51:53.946+00:00&quot;,&quot;status&quot;:500,&quot;error&quot;:&quot;Internal Server Error&quot;,&quot;path&quot;:&quot;/customer/update/1&quot;}&quot;" type="org.springframework.web.client.HttpServerErrorException$InternalServerError"><![CDATA[org.springframework.web.client.HttpServerErrorException$InternalServerError: 500  on PUT request for "http://localhost:8080/customer/update/1": "{"timestamp":"2025-04-20T15:51:53.946+00:00","status":500,"error":"Internal Server Error","path":"/customer/update/1"}"
	at org.springframework.web.client.HttpServerErrorException.create(HttpServerErrorException.java:102)
	at org.springframework.web.client.DefaultResponseErrorHandler.handleError(DefaultResponseErrorHandler.java:189)
	at org.springframework.web.client.DefaultResponseErrorHandler.handleError(DefaultResponseErrorHandler.java:147)
	at org.springframework.web.client.RestTemplate.handleResponse(RestTemplate.java:953)
	at org.springframework.web.client.RestTemplate.doExecute(RestTemplate.java:902)
	at org.springframework.web.client.RestTemplate.execute(RestTemplate.java:801)
	at org.springframework.web.client.RestTemplate.exchange(RestTemplate.java:683)
	at com.example.Mini_App.Mini2ApplicationTests.testControllerUpdateCustomer(Mini2ApplicationTests.java:253)
	at java.base/java.lang.reflect.Method.invoke(Method.java:580)
	at java.base/java.util.ArrayList.forEach(ArrayList.java:1597)
	at java.base/java.util.ArrayList.forEach(ArrayList.java:1597)
]]></error>
    <system-out><![CDATA[Hibernate: 
    /* insert for
        com.example.Mini_App.models.Customer */insert 
    into
        customers (email, name, phone_number) 
    values
        (?, ?, ?)
]]></system-out>
  </testcase>
</testsuite>